2024-12-05 10:05:20,568 - src.data_loader - INFO - Successfully loaded 10 campaigns
2024-12-05 10:05:20,573 - src.data_loader - INFO - Successfully loaded 300 historical records
2024-12-05 10:05:20,575 - src.metrics_calculator - INFO - Successfully calculated campaign metrics
2024-12-05 10:05:20,575 - src.metrics_calculator - INFO - Successfully analyzed campaign trends
2024-12-05 10:05:28,100 - src.ai_decision_agent - INFO - Campaign 1 paused: Low CTR or High CPA.
2024-12-05 10:05:34,305 - src.ai_decision_agent - INFO - Campaign 2 paused: Low CTR or High CPA.
2024-12-05 10:05:40,093 - src.ai_decision_agent - INFO - Campaign 2 budget decreased: Low ROAS.
2024-12-05 10:05:46,444 - src.ai_decision_agent - INFO - Campaign 4 paused: Low CTR or High CPA.
2024-12-05 10:05:52,311 - src.ai_decision_agent - INFO - Campaign 5 paused: Low CTR or High CPA.
2024-12-05 10:05:58,500 - src.ai_decision_agent - INFO - Campaign 6 paused: Low CTR or High CPA.
2024-12-05 10:06:03,841 - src.ai_decision_agent - INFO - Campaign 6 budget decreased: Low ROAS.
2024-12-05 10:06:09,525 - src.ai_decision_agent - INFO - Campaign 10 budget increased: High ROAS or Significant Conversion Growth.
2024-12-05 10:06:09,526 - src.ai_decision_agent - INFO - Successfully decided campaign actions
2024-12-05 10:06:09,530 - src.action_executor - INFO - Successfully executed campaign actions
2024-12-05 10:06:09,530 - src.reporting - INFO - Report generated and saved to reports/marketing_report.json
2024-12-05 10:06:09,546 - __main__ - INFO - Marketing Automation Pipeline Completed Successfully
2024-12-05 10:11:43,633 - src.data_loader - INFO - Successfully loaded 10 campaigns
2024-12-05 10:11:43,642 - src.data_loader - INFO - Successfully loaded 300 historical records
2024-12-05 10:11:43,649 - src.metrics_calculator - INFO - Successfully calculated campaign metrics
2024-12-05 10:11:43,665 - src.metrics_calculator - INFO - Successfully analyzed campaign trends
2024-12-05 10:11:51,236 - src.ai_decision_agent - INFO - Campaign 1 paused: Low CTR or High CPA.
2024-12-05 10:11:57,475 - src.ai_decision_agent - INFO - Campaign 2 paused: Low CTR or High CPA.
2024-12-05 10:12:02,640 - src.ai_decision_agent - INFO - Campaign 2 budget decreased: Low ROAS.
2024-12-05 10:12:08,741 - src.ai_decision_agent - INFO - Campaign 4 paused: Low CTR or High CPA.
2024-12-05 10:12:15,016 - src.ai_decision_agent - INFO - Campaign 5 paused: Low CTR or High CPA.
2024-12-05 10:12:21,321 - src.ai_decision_agent - INFO - Campaign 6 paused: Low CTR or High CPA.
2024-12-05 10:12:27,027 - src.ai_decision_agent - INFO - Campaign 6 budget decreased: Low ROAS.
2024-12-05 10:12:32,818 - src.ai_decision_agent - INFO - Campaign 10 budget increased: High ROAS or Significant Conversion Growth.
2024-12-05 10:12:32,818 - src.ai_decision_agent - INFO - Successfully decided campaign actions
2024-12-05 10:12:32,834 - src.action_executor - INFO - Successfully executed campaign actions
2024-12-05 10:12:32,850 - src.reporting - INFO - Report generated and saved to reports/marketing_report.json
2024-12-05 10:12:32,850 - __main__ - INFO - Marketing Automation Pipeline Completed Successfully
2024-12-05 10:12:46,845 - src.data_loader - INFO - Successfully loaded 10 campaigns
2024-12-05 10:12:46,845 - src.data_loader - INFO - Successfully loaded 300 historical records
2024-12-05 10:12:46,845 - src.metrics_calculator - INFO - Successfully calculated campaign metrics
2024-12-05 10:12:46,861 - src.metrics_calculator - INFO - Successfully analyzed campaign trends
2024-12-05 10:12:54,602 - src.ai_decision_agent - INFO - Campaign 1 paused: Low CTR or High CPA.
2024-12-05 10:13:00,693 - src.ai_decision_agent - INFO - Campaign 2 paused: Low CTR or High CPA.
2024-12-05 10:13:07,192 - src.ai_decision_agent - INFO - Campaign 2 budget decreased: Low ROAS.
2024-12-05 10:13:12,985 - src.ai_decision_agent - INFO - Campaign 4 paused: Low CTR or High CPA.
2024-12-05 10:13:18,500 - src.ai_decision_agent - INFO - Campaign 5 paused: Low CTR or High CPA.
2024-12-05 10:13:25,136 - src.data_loader - INFO - Successfully loaded 10 campaigns
2024-12-05 10:13:25,136 - src.data_loader - INFO - Successfully loaded 300 historical records
2024-12-05 10:13:25,136 - src.metrics_calculator - INFO - Successfully calculated campaign metrics
2024-12-05 10:13:25,136 - src.metrics_calculator - INFO - Successfully analyzed campaign trends
2024-12-05 10:13:32,995 - src.ai_decision_agent - INFO - Campaign 1 paused: Low CTR or High CPA.
2024-12-05 10:13:39,435 - src.ai_decision_agent - INFO - Campaign 2 paused: Low CTR or High CPA.
2024-12-05 10:13:45,508 - src.ai_decision_agent - INFO - Campaign 2 budget decreased: Low ROAS.
2024-12-05 10:13:51,637 - src.ai_decision_agent - INFO - Campaign 4 paused: Low CTR or High CPA.
2024-12-05 10:13:57,468 - src.ai_decision_agent - INFO - Campaign 5 paused: Low CTR or High CPA.
2024-12-05 10:14:03,768 - src.ai_decision_agent - INFO - Campaign 6 paused: Low CTR or High CPA.
2024-12-05 10:14:09,741 - src.ai_decision_agent - INFO - Campaign 6 budget decreased: Low ROAS.
2024-12-05 10:14:15,678 - src.ai_decision_agent - INFO - Campaign 10 budget increased: High ROAS or Significant Conversion Growth.
2024-12-05 10:14:15,678 - src.ai_decision_agent - INFO - Successfully decided campaign actions
2024-12-05 10:14:15,694 - src.action_executor - INFO - Successfully executed campaign actions
2024-12-05 10:14:15,694 - src.reporting - INFO - Report generated and saved to reports/marketing_report.json
2024-12-05 10:14:15,694 - __main__ - INFO - Marketing Automation Pipeline Completed Successfully
2024-12-05 10:16:43,690 - src.data_loader - INFO - Successfully loaded 10 campaigns
2024-12-05 10:16:43,690 - src.data_loader - INFO - Successfully loaded 300 historical records
2024-12-05 10:16:43,706 - src.metrics_calculator - INFO - Successfully calculated campaign metrics
2024-12-05 10:16:43,706 - src.metrics_calculator - INFO - Successfully analyzed campaign trends
2024-12-05 10:16:51,108 - src.ai_decision_agent - INFO - Campaign 1 paused: Low CTR or High CPA.
2024-12-05 10:16:57,739 - src.ai_decision_agent - INFO - Campaign 2 paused: Low CTR or High CPA.
2024-12-05 10:17:03,236 - src.ai_decision_agent - INFO - Campaign 2 budget decreased: Low ROAS.
2024-12-05 10:17:09,604 - src.ai_decision_agent - INFO - Campaign 4 paused: Low CTR or High CPA.
2024-12-05 10:17:15,611 - src.ai_decision_agent - INFO - Campaign 5 paused: Low CTR or High CPA.
2024-12-05 10:17:22,366 - src.ai_decision_agent - INFO - Campaign 6 paused: Low CTR or High CPA.
2024-12-05 10:17:27,883 - src.ai_decision_agent - INFO - Campaign 6 budget decreased: Low ROAS.
2024-12-05 10:17:33,655 - src.ai_decision_agent - INFO - Campaign 10 budget increased: High ROAS or Significant Conversion Growth.
2024-12-05 10:17:33,655 - src.ai_decision_agent - INFO - Successfully decided campaign actions
2024-12-05 10:17:33,677 - src.action_executor - INFO - Successfully executed campaign actions
2024-12-05 10:17:33,681 - src.reporting - INFO - Report generated and saved to reports/marketing_report.json
2024-12-05 10:17:33,681 - __main__ - INFO - Marketing Automation Pipeline Completed Successfully
2024-12-05 10:20:48,180 - __main__ - INFO - Starting Marketing Automation Pipeline
2024-12-05 10:20:48,180 - __main__ - INFO - Loading campaign and historical data...
2024-12-05 10:20:48,180 - src.data_loader - INFO - Successfully loaded 10 campaigns
2024-12-05 10:20:48,188 - src.data_loader - INFO - Successfully loaded 300 historical records
2024-12-05 10:20:49,251 - __main__ - INFO - Calculating metrics...
2024-12-05 10:20:49,267 - src.metrics_calculator - INFO - Successfully calculated campaign metrics
2024-12-05 10:20:49,267 - src.metrics_calculator - INFO - Successfully analyzed campaign trends
2024-12-05 10:20:50,278 - __main__ - INFO - AI making decisions on campaign actions...
2024-12-05 10:20:58,023 - src.ai_decision_agent - INFO - Campaign 1 paused: Low CTR or High CPA.
2024-12-05 10:21:04,078 - src.ai_decision_agent - INFO - Campaign 2 paused: Low CTR or High CPA.
2024-12-05 10:21:10,119 - src.ai_decision_agent - INFO - Campaign 2 budget decreased: Low ROAS.
2024-12-05 10:21:15,647 - src.ai_decision_agent - INFO - Campaign 4 paused: Low CTR or High CPA.
2024-12-05 10:21:21,856 - src.ai_decision_agent - INFO - Campaign 5 paused: Low CTR or High CPA.
2024-12-05 10:21:27,718 - src.ai_decision_agent - INFO - Campaign 6 paused: Low CTR or High CPA.
2024-12-05 10:21:33,641 - src.ai_decision_agent - INFO - Campaign 6 budget decreased: Low ROAS.
2024-12-05 10:21:39,060 - src.ai_decision_agent - ERROR - Error generating recommendations: Invalid operation: The `response.text` quick accessor requires the response to contain a valid `Part`, but none were returned. The candidate's [finish_reason](https://ai.google.dev/api/generate-content#finishreason) is 4. Meaning that the model was reciting from copyrighted material.
2024-12-05 10:21:39,060 - src.ai_decision_agent - INFO - Campaign 10 budget increased: High ROAS or Significant Conversion Growth.
2024-12-05 10:21:39,060 - src.ai_decision_agent - INFO - Successfully decided campaign actions
2024-12-05 10:21:40,067 - __main__ - INFO - Executing campaign actions...
2024-12-05 10:21:40,081 - src.action_executor - INFO - Successfully executed campaign actions
2024-12-05 10:21:41,085 - __main__ - INFO - Generating reports...
2024-12-05 10:21:41,085 - src.reporting - INFO - Report generated and saved to reports/marketing_report.json
2024-12-05 10:21:42,092 - __main__ - INFO - Marketing Automation Pipeline Completed Successfully
2024-12-05 10:24:02,683 - __main__ - INFO - Starting Marketing Automation Pipeline
2024-12-05 10:24:02,683 - __main__ - INFO - Loading campaign and historical data...
2024-12-05 10:24:02,683 - src.data_loader - INFO - Successfully loaded 10 campaigns
2024-12-05 10:24:02,683 - src.data_loader - INFO - Successfully loaded 300 historical records
2024-12-05 10:24:03,707 - __main__ - INFO - Calculating metrics...
2024-12-05 10:24:03,707 - src.metrics_calculator - INFO - Successfully calculated campaign metrics
2024-12-05 10:24:03,726 - src.metrics_calculator - INFO - Successfully analyzed campaign trends
2024-12-05 10:24:04,728 - __main__ - INFO - AI making decisions on campaign actions...
2024-12-05 10:24:12,158 - src.ai_decision_agent - INFO - Campaign 1 paused: Low CTR or High CPA.
2024-12-05 10:24:18,002 - src.ai_decision_agent - INFO - Campaign 2 paused: Low CTR or High CPA.
2024-12-05 10:24:23,789 - src.ai_decision_agent - INFO - Campaign 2 budget decreased: Low ROAS.
2024-12-05 10:24:29,981 - src.ai_decision_agent - INFO - Campaign 4 paused: Low CTR or High CPA.
2024-12-05 10:24:35,814 - src.ai_decision_agent - INFO - Campaign 5 paused: Low CTR or High CPA.
2024-12-05 10:24:41,937 - src.ai_decision_agent - INFO - Campaign 6 paused: Low CTR or High CPA.
2024-12-05 10:24:48,001 - src.ai_decision_agent - INFO - Campaign 6 budget decreased: Low ROAS.
2024-12-05 10:24:53,455 - src.ai_decision_agent - INFO - Campaign 10 budget increased: High ROAS or Significant Conversion Growth.
2024-12-05 10:24:53,455 - src.ai_decision_agent - INFO - Successfully decided campaign actions
2024-12-05 10:24:54,466 - __main__ - INFO - Executing campaign actions...
2024-12-05 10:24:54,466 - src.action_executor - INFO - Successfully executed campaign actions
2024-12-05 10:24:55,480 - __main__ - INFO - Generating reports...
2024-12-05 10:24:55,480 - src.reporting - INFO - Report generated and saved to reports/marketing_report.json
2024-12-05 10:24:56,487 - __main__ - INFO - Marketing Automation Pipeline Completed Successfully
2024-12-05 10:26:01,884 - __main__ - INFO - Starting Marketing Automation Pipeline
2024-12-05 10:26:01,884 - __main__ - INFO - Loading campaign and historical data...
2024-12-05 10:26:01,884 - src.data_loader - INFO - Successfully loaded 10 campaigns
2024-12-05 10:26:01,884 - src.data_loader - INFO - Successfully loaded 300 historical records
2024-12-05 10:26:02,913 - __main__ - INFO - Calculating metrics...
2024-12-05 10:26:02,920 - src.metrics_calculator - INFO - Successfully calculated campaign metrics
2024-12-05 10:26:02,930 - src.metrics_calculator - INFO - Successfully analyzed campaign trends
2024-12-05 10:26:03,932 - __main__ - INFO - AI making decisions on campaign actions...
2024-12-05 10:26:11,444 - src.ai_decision_agent - INFO - Campaign 1 paused: Low CTR or High CPA.
2024-12-05 10:26:17,552 - src.ai_decision_agent - INFO - Campaign 2 paused: Low CTR or High CPA.
2024-12-05 10:26:23,556 - src.ai_decision_agent - INFO - Campaign 2 budget decreased: Low ROAS.
2024-12-05 10:26:29,796 - src.ai_decision_agent - INFO - Campaign 4 paused: Low CTR or High CPA.
2024-12-05 10:26:35,033 - src.ai_decision_agent - INFO - Campaign 5 paused: Low CTR or High CPA.
2024-12-05 10:26:40,507 - src.ai_decision_agent - INFO - Campaign 6 paused: Low CTR or High CPA.
2024-12-05 10:26:46,671 - src.ai_decision_agent - INFO - Campaign 6 budget decreased: Low ROAS.
2024-12-05 10:26:52,798 - src.ai_decision_agent - INFO - Campaign 10 budget increased: High ROAS or Significant Conversion Growth.
2024-12-05 10:26:52,798 - src.ai_decision_agent - INFO - Successfully decided campaign actions
2024-12-05 10:26:53,815 - __main__ - INFO - Executing campaign actions...
2024-12-05 10:26:53,817 - src.action_executor - INFO - Successfully executed campaign actions
2024-12-05 10:26:54,828 - __main__ - INFO - Generating reports...
2024-12-05 10:26:54,833 - src.reporting - INFO - Report generated and saved to reports/marketing_report.json
2024-12-05 10:26:55,835 - __main__ - INFO - Marketing Automation Pipeline Completed Successfully
2024-12-05 10:32:36,666 - __main__ - INFO - Starting Marketing Automation Pipeline
2024-12-05 10:32:36,677 - __main__ - INFO - Loading campaign and historical data...
2024-12-05 10:32:36,682 - src.data_loader - INFO - Successfully loaded 10 campaigns
2024-12-05 10:32:36,682 - src.data_loader - INFO - Successfully loaded 300 historical records
2024-12-05 10:32:37,699 - __main__ - INFO - Calculating metrics...
2024-12-05 10:32:37,704 - src.metrics_calculator - INFO - Successfully calculated campaign metrics
2024-12-05 10:32:37,716 - src.metrics_calculator - INFO - Successfully analyzed campaign trends
2024-12-05 10:32:38,720 - __main__ - INFO - AI making decisions on campaign actions...
2024-12-05 10:32:46,360 - src.ai_decision_agent - INFO - Campaign 1 paused: Low CTR or High CPA.
2024-12-05 10:32:52,451 - src.ai_decision_agent - INFO - Campaign 2 paused: Low CTR or High CPA.
2024-12-05 10:32:58,298 - src.ai_decision_agent - INFO - Campaign 2 budget decreased: Low ROAS.
2024-12-05 10:33:03,989 - src.ai_decision_agent - INFO - Campaign 4 paused: Low CTR or High CPA.
2024-12-05 10:33:10,323 - src.ai_decision_agent - INFO - Campaign 5 paused: Low CTR or High CPA.
2024-12-05 10:33:15,749 - src.ai_decision_agent - INFO - Campaign 6 paused: Low CTR or High CPA.
2024-12-05 10:33:22,085 - src.ai_decision_agent - INFO - Campaign 6 budget decreased: Low ROAS.
2024-12-05 10:33:27,993 - src.ai_decision_agent - INFO - Campaign 10 budget increased: High ROAS or Significant Conversion Growth.
2024-12-05 10:33:27,993 - src.ai_decision_agent - INFO - Successfully decided campaign actions
2024-12-05 10:33:27,993 - __main__ - ERROR - Marketing Automation Pipeline Failed: time.sleep() takes exactly one argument (0 given)
2024-12-05 10:34:27,170 - __main__ - INFO - Starting Marketing Automation Pipeline
2024-12-05 10:34:27,170 - __main__ - INFO - Loading campaign and historical data...
2024-12-05 10:34:27,170 - src.data_loader - INFO - Successfully loaded 10 campaigns
2024-12-05 10:34:27,185 - src.data_loader - INFO - Successfully loaded 300 historical records
2024-12-05 10:34:28,197 - __main__ - INFO - Calculating metrics...
2024-12-05 10:34:28,207 - src.metrics_calculator - INFO - Successfully calculated campaign metrics
2024-12-05 10:34:28,214 - src.metrics_calculator - INFO - Successfully analyzed campaign trends
2024-12-05 10:34:29,215 - __main__ - INFO - AI making decisions on campaign actions...
2024-12-05 10:34:35,536 - src.ai_decision_agent - INFO - Campaign 1 paused: Low CTR or High CPA.
2024-12-05 10:34:41,678 - src.ai_decision_agent - INFO - Campaign 2 paused: Low CTR or High CPA.
2024-12-05 10:34:47,361 - src.ai_decision_agent - INFO - Campaign 2 budget decreased: Low ROAS.
2024-12-05 10:34:53,141 - src.ai_decision_agent - INFO - Campaign 4 paused: Low CTR or High CPA.
2024-12-05 10:34:59,255 - src.ai_decision_agent - INFO - Campaign 5 paused: Low CTR or High CPA.
2024-12-05 10:35:05,307 - src.ai_decision_agent - INFO - Campaign 6 paused: Low CTR or High CPA.
2024-12-05 10:35:11,561 - src.ai_decision_agent - INFO - Campaign 6 budget decreased: Low ROAS.
2024-12-05 10:35:16,948 - src.ai_decision_agent - INFO - Campaign 10 budget increased: High ROAS or Significant Conversion Growth.
2024-12-05 10:35:16,948 - src.ai_decision_agent - INFO - Successfully decided campaign actions
2024-12-05 10:35:17,953 - __main__ - INFO - Executing campaign actions...
2024-12-05 10:35:17,964 - src.action_executor - INFO - Successfully executed campaign actions
2024-12-05 10:35:18,971 - __main__ - INFO - Generating reports...
2024-12-05 10:35:18,977 - src.reporting - INFO - Report generated and saved to reports/marketing_report.json
2024-12-05 10:35:19,980 - __main__ - INFO - Marketing Automation Pipeline Completed Successfully
2024-12-05 10:41:34,537 - __main__ - INFO - Starting Marketing Automation Pipeline
2024-12-05 10:41:34,537 - __main__ - INFO - Loading campaign and historical data...
2024-12-05 10:41:34,552 - src.data_loader - INFO - Successfully loaded 10 campaigns
2024-12-05 10:41:34,552 - src.data_loader - INFO - Successfully loaded 300 historical records
2024-12-05 10:41:35,568 - __main__ - INFO - Calculating metrics...
2024-12-05 10:41:35,568 - src.metrics_calculator - INFO - Successfully calculated campaign metrics
2024-12-05 10:41:35,584 - src.metrics_calculator - INFO - Successfully analyzed campaign trends
2024-12-05 10:41:36,586 - __main__ - INFO - AI making decisions on campaign actions...
2024-12-05 10:41:43,788 - src.ai_decision_agent - INFO - Campaign 1 paused: Low CTR or High CPA.
2024-12-05 10:41:49,606 - src.ai_decision_agent - INFO - Campaign 2 paused: Low CTR or High CPA.
2024-12-05 10:41:55,172 - src.ai_decision_agent - INFO - Campaign 2 budget decreased: Low ROAS.
2024-12-05 10:42:01,051 - src.ai_decision_agent - INFO - Campaign 4 paused: Low CTR or High CPA.
2024-12-05 10:42:06,682 - src.ai_decision_agent - INFO - Campaign 5 paused: Low CTR or High CPA.
2024-12-05 10:42:13,262 - src.ai_decision_agent - INFO - Campaign 6 paused: Low CTR or High CPA.
2024-12-05 10:42:18,832 - src.ai_decision_agent - INFO - Campaign 6 budget decreased: Low ROAS.
2024-12-05 10:42:25,588 - src.ai_decision_agent - INFO - Campaign 10 budget increased: High ROAS or Significant Conversion Growth.
2024-12-05 10:42:25,588 - src.ai_decision_agent - INFO - Successfully decided campaign actions
2024-12-05 10:42:26,590 - __main__ - INFO - Executing campaign actions...
2024-12-05 10:42:26,609 - src.action_executor - INFO - Successfully executed campaign actions
2024-12-05 10:42:27,610 - __main__ - INFO - Generating reports...
2024-12-05 10:42:27,610 - src.reporting - INFO - Report generated and saved to reports/marketing_report.json
2024-12-05 10:42:28,619 - __main__ - INFO - Marketing Automation Pipeline Completed Successfully
2024-12-05 11:03:02,556 - __main__ - INFO - Starting Marketing Automation Pipeline
2024-12-05 11:03:02,556 - __main__ - INFO - Loading campaign and historical data...
2024-12-05 11:03:02,572 - src.data_loader - INFO - Successfully loaded 10 campaigns
2024-12-05 11:03:02,572 - src.data_loader - INFO - Successfully loaded 300 historical records
2024-12-05 11:03:03,611 - __main__ - INFO - Calculating metrics...
2024-12-05 11:03:03,620 - src.metrics_calculator - INFO - Successfully calculated campaign metrics
2024-12-05 11:03:03,658 - src.metrics_calculator - INFO - Successfully analyzed campaign trends
2024-12-05 11:03:04,660 - __main__ - INFO - AI making decisions on campaign actions...
2024-12-05 11:03:08,036 - src.ai_decision_agent - INFO - Campaign 1 paused: Low CTR or High CPA.
2024-12-05 11:03:09,898 - src.ai_decision_agent - INFO - Campaign 2 paused: Low CTR or High CPA.
2024-12-05 11:03:11,854 - src.ai_decision_agent - INFO - Campaign 2 budget decreased: Low ROAS.
2024-12-05 11:03:13,657 - src.ai_decision_agent - INFO - Campaign 4 paused: Low CTR or High CPA.
2024-12-05 11:03:15,633 - src.ai_decision_agent - INFO - Campaign 5 paused: Low CTR or High CPA.
2024-12-05 11:03:17,436 - src.ai_decision_agent - INFO - Campaign 6 paused: Low CTR or High CPA.
2024-12-05 11:03:18,981 - src.ai_decision_agent - INFO - Campaign 6 budget decreased: Low ROAS.
2024-12-05 11:03:20,819 - src.ai_decision_agent - INFO - Campaign 10 budget increased: High ROAS or Significant Conversion Growth.
2024-12-05 11:03:20,820 - src.ai_decision_agent - INFO - Successfully decided campaign actions
2024-12-05 11:03:21,821 - __main__ - INFO - Executing campaign actions...
2024-12-05 11:03:21,828 - src.action_executor - INFO - Successfully executed campaign actions
2024-12-05 11:03:22,837 - __main__ - INFO - Generating reports...
2024-12-05 11:03:22,837 - src.reporting - INFO - Report generated and saved to reports/marketing_report.json
2024-12-05 11:03:23,847 - __main__ - INFO - Marketing Automation Pipeline Completed Successfully
2024-12-08 14:15:03,430 - __main__ - INFO - Starting Marketing Automation Pipeline
2024-12-08 14:15:03,430 - __main__ - INFO - Loading campaign and historical data...
2024-12-08 14:15:03,460 - src.data_loader - INFO - Successfully loaded 10 campaigns
2024-12-08 14:15:03,475 - src.data_loader - INFO - Successfully loaded 300 historical records
2024-12-08 14:15:04,502 - __main__ - INFO - Calculating metrics...
2024-12-08 14:15:04,508 - src.metrics_calculator - INFO - Successfully calculated campaign metrics
2024-12-08 14:15:04,519 - src.metrics_calculator - INFO - Successfully analyzed campaign trends
2024-12-08 14:15:05,520 - __main__ - INFO - AI making decisions on campaign actions...
2024-12-08 14:15:08,570 - src.ai_decision_agent - INFO - Campaign 1 paused: Low CTR or High CPA.
2024-12-08 14:15:10,540 - src.ai_decision_agent - INFO - Campaign 2 paused: Low CTR or High CPA.
2024-12-08 14:15:12,230 - src.ai_decision_agent - INFO - Campaign 2 budget decreased: Low ROAS.
2024-12-08 14:15:14,180 - src.ai_decision_agent - INFO - Campaign 4 paused: Low CTR or High CPA.
2024-12-08 14:15:15,863 - src.ai_decision_agent - INFO - Campaign 5 paused: Low CTR or High CPA.
2024-12-08 14:15:17,682 - src.ai_decision_agent - INFO - Campaign 6 paused: Low CTR or High CPA.
2024-12-08 14:15:19,340 - src.ai_decision_agent - INFO - Campaign 6 budget decreased: Low ROAS.
2024-12-08 14:15:21,070 - src.ai_decision_agent - INFO - Campaign 10 budget increased: High ROAS or Significant Conversion Growth.
2024-12-08 14:15:21,070 - src.ai_decision_agent - INFO - Successfully decided campaign actions
2024-12-08 14:15:22,076 - __main__ - INFO - Executing campaign actions...
2024-12-08 14:15:22,085 - src.action_executor - INFO - Successfully executed campaign actions
2024-12-08 14:15:23,086 - __main__ - INFO - Generating reports...
2024-12-08 14:15:23,090 - src.reporting - INFO - Report generated and saved to reports/marketing_report.json
2024-12-08 14:15:24,095 - __main__ - INFO - Marketing Automation Pipeline Completed Successfully
2024-12-08 13:57:37,343 - __main__ - INFO - Starting Marketing Automation Pipeline
2024-12-08 13:57:37,343 - __main__ - INFO - Loading campaign and historical data...
2024-12-08 13:57:37,374 - src.data_loader - INFO - Successfully loaded 10 campaigns
2024-12-08 13:57:37,374 - src.data_loader - INFO - Successfully loaded 300 historical records
2024-12-08 13:57:38,400 - __main__ - INFO - Calculating metrics...
2024-12-08 13:57:38,400 - src.metrics_calculator - INFO - Successfully calculated campaign metrics
2024-12-08 13:57:38,429 - src.metrics_calculator - INFO - Successfully analyzed campaign trends
2024-12-08 13:57:39,430 - __main__ - INFO - AI making decisions on campaign actions...
2024-12-08 13:57:42,550 - src.ai_decision_agent - INFO - Campaign 1 paused: Low CTR or High CPA.
2024-12-08 13:57:44,378 - src.ai_decision_agent - INFO - Campaign 2 paused: Low CTR or High CPA.
2024-12-08 13:57:46,276 - src.ai_decision_agent - INFO - Campaign 2 budget decreased: Low ROAS.
2024-12-08 13:57:48,097 - src.ai_decision_agent - INFO - Campaign 4 paused: Low CTR or High CPA.
2024-12-08 13:57:50,033 - src.ai_decision_agent - INFO - Campaign 5 paused: Low CTR or High CPA.
2024-12-08 13:57:51,611 - src.ai_decision_agent - INFO - Campaign 6 paused: Low CTR or High CPA.
2024-12-08 13:57:53,243 - src.ai_decision_agent - INFO - Campaign 6 budget decreased: Low ROAS.
2024-12-08 13:57:55,132 - src.ai_decision_agent - INFO - Campaign 10 budget increased: High ROAS or Significant Conversion Growth.
2024-12-08 13:57:55,132 - src.ai_decision_agent - INFO - Successfully decided campaign actions
2024-12-08 13:57:56,136 - __main__ - INFO - Executing campaign actions...
2024-12-08 13:57:56,150 - src.action_executor - INFO - Successfully executed campaign actions
2024-12-08 13:57:57,152 - __main__ - INFO - Generating reports...
2024-12-08 13:57:57,152 - src.reporting - INFO - Report generated and saved to reports/marketing_report.json
2024-12-08 13:57:58,156 - __main__ - INFO - Marketing Automation Pipeline Completed Successfully
2024-12-08 13:59:50,623 - __main__ - INFO - Starting Marketing Automation Pipeline
2024-12-08 13:59:50,624 - __main__ - INFO - Loading campaign and historical data...
2024-12-08 13:59:50,626 - src.data_loader - ERROR - Error loading campaigns: [Errno 2] No such file or directory: 'data/campaigns.csv'
2024-12-08 13:59:50,626 - __main__ - ERROR - Marketing Automation Pipeline Failed: [Errno 2] No such file or directory: 'data/campaigns.csv'
2024-12-08 14:03:38,917 - __main__ - INFO - Starting Marketing Automation Pipeline
2024-12-08 14:03:38,917 - __main__ - INFO - Loading campaign and historical data...
2024-12-08 14:03:38,917 - src.data_loader - INFO - Successfully loaded 10 campaigns
2024-12-08 14:03:38,932 - src.data_loader - INFO - Successfully loaded 300 historical records
2024-12-08 14:03:39,948 - __main__ - INFO - Calculating metrics...
2024-12-08 14:03:39,952 - src.metrics_calculator - INFO - Successfully calculated campaign metrics
2024-12-08 14:03:39,958 - src.metrics_calculator - INFO - Successfully analyzed campaign trends
2024-12-08 14:03:40,959 - __main__ - INFO - AI making decisions on campaign actions...
2024-12-08 14:03:44,120 - src.ai_decision_agent - INFO - Campaign 11 paused: Low CTR or High CPA.
2024-12-08 14:03:46,021 - src.ai_decision_agent - INFO - Campaign 12 paused: Low CTR or High CPA.
2024-12-08 14:03:47,536 - src.ai_decision_agent - INFO - Campaign 12 budget decreased: Low ROAS.
2024-12-08 14:03:49,441 - src.ai_decision_agent - INFO - Campaign 14 paused: Low CTR or High CPA.
2024-12-08 14:03:51,302 - src.ai_decision_agent - INFO - Campaign 15 paused: Low CTR or High CPA.
2024-12-08 14:03:53,253 - src.ai_decision_agent - INFO - Campaign 16 paused: Low CTR or High CPA.
2024-12-08 14:03:54,754 - src.ai_decision_agent - INFO - Campaign 16 budget decreased: Low ROAS.
2024-12-08 14:03:56,543 - src.ai_decision_agent - INFO - Campaign 20 budget increased: High ROAS or Significant Conversion Growth.
2024-12-08 14:03:56,543 - src.ai_decision_agent - INFO - Successfully decided campaign actions
2024-12-08 14:03:57,547 - __main__ - INFO - Executing campaign actions...
2024-12-08 14:03:57,557 - src.action_executor - INFO - Successfully executed campaign actions
2024-12-08 14:03:58,558 - __main__ - INFO - Generating reports...
2024-12-08 14:03:58,558 - src.reporting - INFO - Report generated and saved to reports/marketing_report.json
2024-12-08 14:03:59,562 - __main__ - INFO - Marketing Automation Pipeline Completed Successfully
2024-12-08 19:02:58,544 - __main__ - INFO - Starting Marketing Automation Pipeline
2024-12-08 19:02:58,544 - __main__ - INFO - Loading campaign and historical data...
2024-12-08 19:02:58,575 - src.data_loader - INFO - Successfully loaded 10 campaigns
2024-12-08 19:02:58,591 - src.data_loader - INFO - Successfully loaded 300 historical records
2024-12-08 19:02:59,624 - __main__ - INFO - Calculating metrics...
2024-12-08 19:02:59,624 - src.metrics_calculator - INFO - Successfully calculated campaign metrics
2024-12-08 19:02:59,624 - src.metrics_calculator - INFO - Successfully analyzed campaign trends
2024-12-08 19:03:00,638 - __main__ - INFO - AI making decisions on campaign actions...
2024-12-08 19:03:02,546 - src.ai_decision_agent - INFO - Campaign 1 paused: Low CTR or High CPA.
2024-12-08 19:03:04,390 - src.ai_decision_agent - INFO - Campaign 2 paused: Low CTR or High CPA.
2024-12-08 19:03:06,062 - src.ai_decision_agent - INFO - Campaign 2 budget decreased: Low ROAS.
2024-12-08 19:03:07,952 - src.ai_decision_agent - INFO - Campaign 4 paused: Low CTR or High CPA.
2024-12-08 19:03:09,984 - src.ai_decision_agent - INFO - Campaign 5 paused: Low CTR or High CPA.
2024-12-08 19:03:11,740 - src.ai_decision_agent - INFO - Campaign 6 paused: Low CTR or High CPA.
2024-12-08 19:03:13,695 - src.ai_decision_agent - INFO - Campaign 6 budget decreased: Low ROAS.
2024-12-08 19:03:15,484 - src.ai_decision_agent - INFO - Campaign 10 budget increased: High ROAS or Significant Conversion Growth.
2024-12-08 19:03:15,484 - src.ai_decision_agent - INFO - Successfully decided campaign actions
2024-12-08 19:03:16,491 - __main__ - INFO - Executing campaign actions...
2024-12-08 19:03:16,497 - src.action_executor - INFO - Successfully executed campaign actions
2024-12-08 19:03:17,502 - __main__ - INFO - Generating reports...
2024-12-08 19:03:17,502 - src.reporting - INFO - Report generated and saved to reports/marketing_report.json
2024-12-08 19:03:18,506 - __main__ - INFO - Marketing Automation Pipeline Completed Successfully
2024-12-08 19:04:34,290 - __main__ - INFO - Starting Marketing Automation Pipeline
2024-12-08 19:04:34,290 - __main__ - INFO - Loading campaign and historical data...
2024-12-08 19:04:34,290 - src.data_loader - INFO - Successfully loaded 10 campaigns
2024-12-08 19:04:34,308 - src.data_loader - INFO - Successfully loaded 300 historical records
2024-12-08 19:04:35,319 - __main__ - INFO - Calculating metrics...
2024-12-08 19:04:35,325 - src.metrics_calculator - INFO - Successfully calculated campaign metrics
2024-12-08 19:04:35,330 - src.metrics_calculator - INFO - Successfully analyzed campaign trends
2024-12-08 19:04:36,332 - __main__ - INFO - AI making decisions on campaign actions...
2024-12-08 19:04:39,174 - src.ai_decision_agent - INFO - Campaign 1 paused: Low CTR or High CPA.
2024-12-08 19:04:40,975 - src.ai_decision_agent - INFO - Campaign 2 paused: Low CTR or High CPA.
2024-12-08 19:04:42,639 - src.ai_decision_agent - INFO - Campaign 2 budget decreased: Low ROAS.
2024-12-08 19:04:44,343 - src.ai_decision_agent - INFO - Campaign 4 paused: Low CTR or High CPA.
2024-12-08 19:04:46,775 - src.ai_decision_agent - INFO - Campaign 5 paused: Low CTR or High CPA.
2024-12-08 19:04:48,740 - src.ai_decision_agent - INFO - Campaign 6 paused: Low CTR or High CPA.
2024-12-08 19:04:50,590 - src.ai_decision_agent - INFO - Campaign 6 budget decreased: Low ROAS.
2024-12-08 19:04:52,634 - src.ai_decision_agent - INFO - Campaign 10 budget increased: High ROAS or Significant Conversion Growth.
2024-12-08 19:04:52,634 - src.ai_decision_agent - INFO - Successfully decided campaign actions
2024-12-08 19:04:53,635 - __main__ - INFO - Executing campaign actions...
2024-12-08 19:04:53,644 - src.action_executor - INFO - Successfully executed campaign actions
2024-12-08 19:04:54,646 - __main__ - INFO - Generating reports...
2024-12-08 19:04:54,646 - src.reporting - INFO - Report generated and saved to reports/marketing_report.json
2024-12-08 19:04:55,649 - __main__ - INFO - Marketing Automation Pipeline Completed Successfully
2024-12-08 19:06:52,678 - __main__ - INFO - Starting Marketing Automation Pipeline
2024-12-08 19:06:52,678 - __main__ - INFO - Loading campaign and historical data...
2024-12-08 19:06:52,693 - src.data_loader - INFO - Successfully loaded 10 campaigns
2024-12-08 19:06:52,693 - src.data_loader - INFO - Successfully loaded 300 historical records
2024-12-08 19:06:53,732 - __main__ - INFO - Calculating metrics...
2024-12-08 19:06:53,732 - src.metrics_calculator - INFO - Successfully calculated campaign metrics
2024-12-08 19:06:53,732 - src.metrics_calculator - INFO - Successfully analyzed campaign trends
2024-12-08 19:06:54,742 - __main__ - INFO - AI making decisions on campaign actions...
2024-12-08 19:06:56,980 - src.ai_decision_agent - INFO - Campaign 1 paused: Low CTR or High CPA.
2024-12-08 19:06:58,882 - src.ai_decision_agent - INFO - Campaign 2 paused: Low CTR or High CPA.
2024-12-08 19:07:00,634 - src.ai_decision_agent - INFO - Campaign 2 budget decreased: Low ROAS.
2024-12-08 19:07:02,086 - src.ai_decision_agent - INFO - Campaign 4 paused: Low CTR or High CPA.
2024-12-08 19:07:03,832 - src.ai_decision_agent - INFO - Campaign 5 paused: Low CTR or High CPA.
2024-12-08 19:07:05,815 - src.ai_decision_agent - INFO - Campaign 6 paused: Low CTR or High CPA.
2024-12-08 19:07:07,548 - src.ai_decision_agent - INFO - Campaign 6 budget decreased: Low ROAS.
2024-12-08 19:07:09,433 - src.ai_decision_agent - INFO - Campaign 10 budget increased: High ROAS or Significant Conversion Growth.
2024-12-08 19:07:09,433 - src.ai_decision_agent - INFO - Successfully decided campaign actions
2024-12-08 19:07:10,442 - __main__ - INFO - Executing campaign actions...
2024-12-08 19:07:10,451 - src.action_executor - INFO - Successfully executed campaign actions
2024-12-08 19:07:11,452 - __main__ - INFO - Generating reports...
2024-12-08 19:07:11,453 - src.reporting - INFO - Report generated and saved to reports/marketing_report.json
2024-12-08 19:07:12,457 - __main__ - INFO - Marketing Automation Pipeline Completed Successfully
2024-12-08 21:08:14,636 - __main__ - INFO - Starting Marketing Automation Pipeline
2024-12-08 21:08:14,636 - __main__ - INFO - Loading campaign and historical data...
2024-12-08 21:08:14,652 - src.data_loader - INFO - Successfully loaded 10 campaigns
2024-12-08 21:08:14,668 - src.data_loader - INFO - Successfully loaded 300 historical records
2024-12-08 21:08:15,704 - __main__ - INFO - Calculating metrics...
2024-12-08 21:08:15,704 - src.metrics_calculator - INFO - Successfully calculated campaign metrics
2024-12-08 21:08:15,704 - src.metrics_calculator - INFO - Successfully analyzed campaign trends
2024-12-08 21:08:16,716 - __main__ - INFO - AI making decisions on campaign actions...
2024-12-08 21:08:19,956 - src.ai_decision_agent - INFO - Campaign 1 paused: Low CTR or High CPA.
2024-12-08 21:08:21,755 - src.ai_decision_agent - INFO - Campaign 2 paused: Low CTR or High CPA.
2024-12-08 21:08:23,780 - src.ai_decision_agent - INFO - Campaign 2 budget decreased: Low ROAS.
2024-12-08 21:08:25,739 - src.ai_decision_agent - INFO - Campaign 4 paused: Low CTR or High CPA.
2024-12-08 21:08:27,655 - src.ai_decision_agent - INFO - Campaign 5 paused: Low CTR or High CPA.
2024-12-08 21:08:29,357 - src.ai_decision_agent - INFO - Campaign 6 paused: Low CTR or High CPA.
2024-12-08 21:08:30,996 - src.ai_decision_agent - INFO - Campaign 6 budget decreased: Low ROAS.
2024-12-08 21:08:32,778 - src.ai_decision_agent - INFO - Campaign 10 budget increased: High ROAS or Significant Conversion Growth.
2024-12-08 21:08:32,778 - src.ai_decision_agent - INFO - Successfully decided campaign actions
2024-12-08 21:08:33,783 - __main__ - INFO - Executing campaign actions...
2024-12-08 21:08:33,814 - src.action_executor - INFO - Successfully executed campaign actions
2024-12-08 21:08:34,820 - __main__ - INFO - Generating reports...
2024-12-08 21:08:34,828 - src.reporting - INFO - Report generated and saved to reports/marketing_report.json
2024-12-08 21:08:35,830 - __main__ - INFO - Marketing Automation Pipeline Completed Successfully
